<?xml version="1.0" encoding="UTF-8"?>
<!-- Generated by org.testng.reporters.JUnitReportReporter -->
<testsuite hostname="DESKTOP-UIE3290" failures="0" tests="1" name="dfrg.jee" time="5.274" errors="0" timestamp="2024-07-05T00:32:23 EDT" skipped="0">
  <testcase classname="dfrg.jee" name="startbrowser" time="5.274"/>
</testsuite> <!-- dfrg.jee -->
